Magic happens on port 8080
Magic happens on port 8080
Magic happens on port 8080
Magic happens on port 8080
events.js:85
      throw er; // Unhandled 'error' event
            ^
Error: listen EADDRINUSE
    at exports._errnoException (util.js:746:11)
    at Server._listen2 (net.js:1129:14)
    at listen (net.js:1155:10)
    at Server.listen (net.js:1240:5)
    at Function.app.listen (/home/ubuntu/app/node_modules/express/lib/application.js:531:24)
    at Object.<anonymous> (/home/ubuntu/app/server.js:118:5)
    at Module._compile (module.js:460:26)
    at Object.Module._extensions..js (module.js:478:10)
    at Module.load (module.js:355:32)
    at Function.Module._load (module.js:310:12)
Magic happens on port 8080
Magic happens on port 8080
Magic happens on port 8080
events.js:85
      throw er; // Unhandled 'error' event
            ^
Error: listen EADDRINUSE
    at exports._errnoException (util.js:746:11)
    at Server._listen2 (net.js:1129:14)
    at listen (net.js:1155:10)
    at Server.listen (net.js:1240:5)
    at Function.app.listen (/home/ubuntu/app/node_modules/express/lib/application.js:531:24)
    at Object.<anonymous> (/home/ubuntu/app/server.js:118:5)
    at Module._compile (module.js:460:26)
    at Object.Module._extensions..js (module.js:478:10)
    at Module.load (module.js:355:32)
    at Function.Module._load (module.js:310:12)
Magic happens on port 8080
events.js:85
      throw er; // Unhandled 'error' event
            ^
Error: listen EADDRINUSE
    at exports._errnoException (util.js:746:11)
    at Server._listen2 (net.js:1129:14)
    at listen (net.js:1155:10)
    at Server.listen (net.js:1240:5)
    at Function.app.listen (/home/ubuntu/app/node_modules/express/lib/application.js:531:24)
    at Object.<anonymous> (/home/ubuntu/app/server.js:118:5)
    at Module._compile (module.js:460:26)
    at Object.Module._extensions..js (module.js:478:10)
    at Module.load (module.js:355:32)
    at Function.Module._load (module.js:310:12)
Magic happens on port 8080
events.js:85
      throw er; // Unhandled 'error' event
            ^
Error: listen EADDRINUSE
    at exports._errnoException (util.js:746:11)
    at Server._listen2 (net.js:1129:14)
    at listen (net.js:1155:10)
    at Server.listen (net.js:1240:5)
    at Function.app.listen (/home/ubuntu/app/node_modules/express/lib/application.js:531:24)
    at Object.<anonymous> (/home/ubuntu/app/server.js:118:5)
    at Module._compile (module.js:460:26)
    at Object.Module._extensions..js (module.js:478:10)
    at Module.load (module.js:355:32)
    at Function.Module._load (module.js:310:12)
Magic happens on port 8080
Magic happens on port 8080
_P6625bzw12__: true
_P6625bzw12__: true
